# JRE version: Java(TM) SE Runtime Environment (21.0.7+8) (build 21.0.7+8-LTS-245)
# Java VM: Java HotSpot(TM) 64-Bit Server VM (21.0.7+8-LTS-245, mixed mode, sharing, tiered, compressed oops, compressed class ptrs, g1 gc, windows-amd64)
GC Precious Log:
 CardTable entry size: 512
 Card Set container configuration: InlinePtr #cards 5 size 8 Array Of Cards #cards 12 size 40 Howl #buckets 4 coarsen threshold 1843 Howl Bitmap #cards 512 size 80 coarsen threshold 460 Card regions per heap region 1 cards per card region 2048
 CPUs: 12 total, 12 available
 Memory: 7914M
 Large Page Support: Disabled
 NUMA Support: Disabled
 Compressed Oops: Enabled (32-bit)
 Heap Region Size: 1M
 Heap Min Capacity: 8M
 Heap Initial Capacity: 124M
 Heap Max Capacity: 1G
 Pre-touch: Disabled
 Parallel Workers: 10
 Concurrent Workers: 3
 Concurrent Refinement Workers: 10
 Periodic GC: Disabled
Heap:
 garbage-first heap   total 214016K, used 211428K [0x00000000c0000000, 0x0000000100000000)
  region size 1024K, 80 young (81920K), 1 survivors (1024K)
 Metaspace       used 116935K, committed 117952K, reserved 1179648K
  class space    used 14611K, committed 15040K, reserved 1048576K
GC Heap History (20 events):
Event: 266.783 GC heap after
{Heap after GC invocations=26 (full 0):
 garbage-first heap   total 181248K, used 57666K [0x00000000c0000000, 0x0000000100000000)
  region size 1024K, 4 young (4096K), 4 survivors (4096K)
 Metaspace       used 114784K, committed 115776K, reserved 1179648K
  class space    used 14593K, committed 15040K, reserved 1048576K
}
Event: 333.082 GC heap before
{Heap before GC invocations=26 (full 0):
 garbage-first heap   total 181248K, used 178498K [0x00000000c0000000, 0x0000000100000000)
  region size 1024K, 70 young (71680K), 4 survivors (4096K)
 Metaspace       used 115195K, committed 116224K, reserved 1179648K
  class space    used 14595K, committed 15040K, reserved 1048576K
}
Event: 333.096 GC heap after
{Heap after GC invocations=27 (full 0):
 garbage-first heap   total 185344K, used 58173K [0x00000000c0000000, 0x0000000100000000)
  region size 1024K, 4 young (4096K), 4 survivors (4096K)
 Metaspace       used 115195K, committed 116224K, reserved 1179648K
  class space    used 14595K, committed 15040K, reserved 1048576K
}
Event: 333.209 GC heap before
{Heap before GC invocations=27 (full 0):
 garbage-first heap   total 185344K, used 61245K [0x00000000c0000000, 0x0000000100000000)
  region size 1024K, 8 young (8192K), 4 survivors (4096K)
 Metaspace       used 115211K, committed 116224K, reserved 1179648K
  class space    used 14595K, committed 15040K, reserved 1048576K
}
Event: 333.218 GC heap after
{Heap after GC invocations=28 (full 0):
 garbage-first heap   total 185344K, used 57793K [0x00000000c0000000, 0x0000000100000000)
  region size 1024K, 4 young (4096K), 4 survivors (4096K)
 Metaspace       used 115211K, committed 116224K, reserved 1179648K
  class space    used 14595K, committed 15040K, reserved 1048576K
}
Event: 401.457 GC heap before
{Heap before GC invocations=29 (full 0):
 garbage-first heap   total 185344K, used 183745K [0x00000000c0000000, 0x0000000100000000)
  region size 1024K, 68 young (69632K), 4 survivors (4096K)
 Metaspace       used 115542K, committed 116544K, reserved 1179648K
  class space    used 14599K, committed 15040K, reserved 1048576K
}
Event: 401.460 GC heap after
{Heap after GC invocations=30 (full 0):
 garbage-first heap   total 188416K, used 57138K [0x00000000c0000000, 0x0000000100000000)
  region size 1024K, 3 young (3072K), 3 survivors (3072K)
 Metaspace       used 115542K, committed 116544K, reserved 1179648K
  class space    used 14599K, committed 15040K, reserved 1048576K
}
Event: 410.290 GC heap before
{Heap before GC invocations=30 (full 0):
 garbage-first heap   total 188416K, used 187186K [0x00000000c0000000, 0x0000000100000000)
  region size 1024K, 71 young (72704K), 3 survivors (3072K)
 Metaspace       used 115856K, committed 116800K, reserved 1179648K
  class space    used 14600K, committed 15040K, reserved 1048576K
}
Event: 410.296 GC heap after
{Heap after GC invocations=31 (full 0):
 garbage-first heap   total 193536K, used 57004K [0x00000000c0000000, 0x0000000100000000)
  region size 1024K, 4 young (4096K), 4 survivors (4096K)
 Metaspace       used 115856K, committed 116800K, reserved 1179648K
  class space    used 14600K, committed 15040K, reserved 1048576K
}
Event: 410.461 GC heap before
{Heap before GC invocations=31 (full 0):
 garbage-first heap   total 193536K, used 64172K [0x00000000c0000000, 0x0000000100000000)
  region size 1024K, 12 young (12288K), 4 survivors (4096K)
 Metaspace       used 115888K, committed 116864K, reserved 1179648K
  class space    used 14600K, committed 15040K, reserved 1048576K
}
Event: 410.465 GC heap after
{Heap after GC invocations=32 (full 0):
 garbage-first heap   total 193536K, used 57307K [0x00000000c0000000, 0x0000000100000000)
  region size 1024K, 4 young (4096K), 4 survivors (4096K)
 Metaspace       used 115888K, committed 116864K, reserved 1179648K
  class space    used 14600K, committed 15040K, reserved 1048576K
}
Event: 424.118 GC heap before
{Heap before GC invocations=33 (full 0):
 garbage-first heap   total 193536K, used 191451K [0x00000000c0000000, 0x0000000100000000)
  region size 1024K, 71 young (72704K), 4 survivors (4096K)
 Metaspace       used 116177K, committed 117120K, reserved 1179648K
  class space    used 14611K, committed 15040K, reserved 1048576K
}
Event: 424.121 GC heap after
{Heap after GC invocations=34 (full 0):
 garbage-first heap   total 196608K, used 56849K [0x00000000c0000000, 0x0000000100000000)
  region size 1024K, 3 young (3072K), 3 survivors (3072K)
 Metaspace       used 116177K, committed 117120K, reserved 1179648K
  class space    used 14611K, committed 15040K, reserved 1048576K
}
Event: 439.015 GC heap before
{Heap before GC invocations=34 (full 0):
 garbage-first heap   total 196608K, used 195089K [0x00000000c0000000, 0x0000000100000000)
  region size 1024K, 72 young (73728K), 3 survivors (3072K)
 Metaspace       used 116490K, committed 117440K, reserved 1179648K
  class space    used 14611K, committed 15040K, reserved 1048576K
}
Event: 439.019 GC heap after
{Heap after GC invocations=35 (full 0):
 garbage-first heap   total 200704K, used 56642K [0x00000000c0000000, 0x0000000100000000)
  region size 1024K, 3 young (3072K), 3 survivors (3072K)
 Metaspace       used 116490K, committed 117440K, reserved 1179648K
  class space    used 14611K, committed 15040K, reserved 1048576K
}
Event: 439.166 GC heap before
{Heap before GC invocations=35 (full 0):
 garbage-first heap   total 200704K, used 67906K [0x00000000c0000000, 0x0000000100000000)
  region size 1024K, 16 young (16384K), 3 survivors (3072K)
 Metaspace       used 116512K, committed 117440K, reserved 1179648K
  class space    used 14611K, committed 15040K, reserved 1048576K
}
Event: 439.169 GC heap after
{Heap after GC invocations=36 (full 0):
 garbage-first heap   total 200704K, used 56591K [0x00000000c0000000, 0x0000000100000000)
  region size 1024K, 3 young (3072K), 3 survivors (3072K)
 Metaspace       used 116512K, committed 117440K, reserved 1179648K
  class space    used 14611K, committed 15040K, reserved 1048576K
}
Event: 454.353 GC heap before
{Heap before GC invocations=37 (full 0):
 garbage-first heap   total 200704K, used 198927K [0x00000000c0000000, 0x0000000100000000)
  region size 1024K, 71 young (72704K), 3 survivors (3072K)
 Metaspace       used 116683K, committed 117696K, reserved 1179648K
  class space    used 14611K, committed 15040K, reserved 1048576K
}
Event: 454.357 GC heap after
{Heap after GC invocations=38 (full 0):
 garbage-first heap   total 204800K, used 56804K [0x00000000c0000000, 0x0000000100000000)
  region size 1024K, 4 young (4096K), 4 survivors (4096K)
 Metaspace       used 116683K, committed 117696K, reserved 1179648K
  class space    used 14611K, committed 15040K, reserved 1048576K
}
Event: 466.151 GC heap before
{Heap before GC invocations=38 (full 0):
 garbage-first heap   total 212992K, used 210404K [0x00000000c0000000, 0x0000000100000000)
  region size 1024K, 83 young (84992K), 4 survivors (4096K)
 Metaspace       used 116935K, committed 117952K, reserved 1179648K
  class space    used 14611K, committed 15040K, reserved 1048576K
}

