# JRE version: Java(TM) SE Runtime Environment (21.0.7+8) (build 21.0.7+8-LTS-245)
# Java VM: Java HotSpot(TM) 64-Bit Server VM (21.0.7+8-LTS-245, mixed mode, sharing, tiered, compressed oops, compressed class ptrs, g1 gc, windows-amd64)
GC Precious Log:
 CardTable entry size: 512
 Card Set container configuration: InlinePtr #cards 5 size 8 Array Of Cards #cards 12 size 40 Howl #buckets 4 coarsen threshold 1843 Howl Bitmap #cards 512 size 80 coarsen threshold 460 Card regions per heap region 1 cards per card region 2048
 CPUs: 12 total, 12 available
 Memory: 7914M
 Large Page Support: Disabled
 NUMA Support: Disabled
 Compressed Oops: Enabled (32-bit)
 Heap Region Size: 1M
 Heap Min Capacity: 8M
 Heap Initial Capacity: 124M
 Heap Max Capacity: 1G
 Pre-touch: Disabled
 Parallel Workers: 10
 Concurrent Workers: 3
 Concurrent Refinement Workers: 10
 Periodic GC: Disabled
Heap:
 garbage-first heap   total 99328K, used 79874K [0x00000000c0000000, 0x0000000100000000)
  region size 1024K, 38 young (38912K), 3 survivors (3072K)
 Metaspace       used 92426K, committed 92928K, reserved 1179648K
  class space    used 11919K, committed 12160K, reserved 1048576K
GC Heap History (20 events):
Event: 4.041 GC heap before
{Heap before GC invocations=2 (full 0):
 garbage-first heap   total 126976K, used 53100K [0x00000000c0000000, 0x0000000100000000)
  region size 1024K, 30 young (30720K), 3 survivors (3072K)
 Metaspace       used 19259K, committed 19520K, reserved 1114112K
  class space    used 2615K, committed 2752K, reserved 1048576K
}
Event: 4.064 GC heap after
{Heap after GC invocations=3 (full 0):
 garbage-first heap   total 126976K, used 27648K [0x00000000c0000000, 0x0000000100000000)
  region size 1024K, 2 young (2048K), 2 survivors (2048K)
 Metaspace       used 19259K, committed 19520K, reserved 1114112K
  class space    used 2615K, committed 2752K, reserved 1048576K
}
Event: 4.787 GC heap before
{Heap before GC invocations=3 (full 0):
 garbage-first heap   total 126976K, used 33792K [0x00000000c0000000, 0x0000000100000000)
  region size 1024K, 9 young (9216K), 2 survivors (2048K)
 Metaspace       used 21300K, committed 21504K, reserved 1114112K
  class space    used 2848K, committed 2944K, reserved 1048576K
}
Event: 4.799 GC heap after
{Heap after GC invocations=4 (full 0):
 garbage-first heap   total 126976K, used 28201K [0x00000000c0000000, 0x0000000100000000)
  region size 1024K, 3 young (3072K), 3 survivors (3072K)
 Metaspace       used 21300K, committed 21504K, reserved 1114112K
  class space    used 2848K, committed 2944K, reserved 1048576K
}
Event: 9.240 GC heap before
{Heap before GC invocations=5 (full 0):
 garbage-first heap   total 99328K, used 84521K [0x00000000c0000000, 0x0000000100000000)
  region size 1024K, 60 young (61440K), 3 survivors (3072K)
 Metaspace       used 35621K, committed 35968K, reserved 1114112K
  class space    used 4667K, committed 4864K, reserved 1048576K
}
Event: 9.253 GC heap after
{Heap after GC invocations=6 (full 0):
 garbage-first heap   total 99328K, used 32768K [0x00000000c0000000, 0x0000000100000000)
  region size 1024K, 7 young (7168K), 7 survivors (7168K)
 Metaspace       used 35621K, committed 35968K, reserved 1114112K
  class space    used 4667K, committed 4864K, reserved 1048576K
}
Event: 9.336 GC heap before
{Heap before GC invocations=6 (full 0):
 garbage-first heap   total 99328K, used 33792K [0x00000000c0000000, 0x0000000100000000)
  region size 1024K, 9 young (9216K), 7 survivors (7168K)
 Metaspace       used 35929K, committed 36288K, reserved 1114112K
  class space    used 4687K, committed 4864K, reserved 1048576K
}
Event: 9.349 GC heap after
{Heap after GC invocations=7 (full 0):
 garbage-first heap   total 99328K, used 33348K [0x00000000c0000000, 0x0000000100000000)
  region size 1024K, 1 young (1024K), 1 survivors (1024K)
 Metaspace       used 35929K, committed 36288K, reserved 1114112K
  class space    used 4687K, committed 4864K, reserved 1048576K
}
Event: 9.422 GC heap before
{Heap before GC invocations=7 (full 0):
 garbage-first heap   total 99328K, used 34372K [0x00000000c0000000, 0x0000000100000000)
  region size 1024K, 3 young (3072K), 1 survivors (1024K)
 Metaspace       used 36244K, committed 36608K, reserved 1114112K
  class space    used 4738K, committed 4928K, reserved 1048576K
}
Event: 9.426 GC heap after
{Heap after GC invocations=8 (full 0):
 garbage-first heap   total 99328K, used 32721K [0x00000000c0000000, 0x0000000100000000)
  region size 1024K, 1 young (1024K), 1 survivors (1024K)
 Metaspace       used 36244K, committed 36608K, reserved 1114112K
  class space    used 4738K, committed 4928K, reserved 1048576K
}
Event: 12.892 GC heap before
{Heap before GC invocations=9 (full 0):
 garbage-first heap   total 99328K, used 76753K [0x00000000c0000000, 0x0000000100000000)
  region size 1024K, 45 young (46080K), 1 survivors (1024K)
 Metaspace       used 46295K, committed 46656K, reserved 1114112K
  class space    used 5918K, committed 6080K, reserved 1048576K
}
Event: 12.906 GC heap after
{Heap after GC invocations=10 (full 0):
 garbage-first heap   total 99328K, used 36130K [0x00000000c0000000, 0x0000000100000000)
  region size 1024K, 4 young (4096K), 4 survivors (4096K)
 Metaspace       used 46295K, committed 46656K, reserved 1114112K
  class space    used 5918K, committed 6080K, reserved 1048576K
}
Event: 15.784 GC heap before
{Heap before GC invocations=10 (full 0):
 garbage-first heap   total 99328K, used 80162K [0x00000000c0000000, 0x0000000100000000)
  region size 1024K, 48 young (49152K), 4 survivors (4096K)
 Metaspace       used 56766K, committed 57152K, reserved 1114112K
  class space    used 7039K, committed 7168K, reserved 1048576K
}
Event: 15.798 GC heap after
{Heap after GC invocations=11 (full 0):
 garbage-first heap   total 99328K, used 39935K [0x00000000c0000000, 0x0000000100000000)
  region size 1024K, 5 young (5120K), 5 survivors (5120K)
 Metaspace       used 56766K, committed 57152K, reserved 1114112K
  class space    used 7039K, committed 7168K, reserved 1048576K
}
Event: 16.715 GC heap before
{Heap before GC invocations=11 (full 0):
 garbage-first heap   total 99328K, used 54271K [0x00000000c0000000, 0x0000000100000000)
  region size 1024K, 19 young (19456K), 5 survivors (5120K)
 Metaspace       used 60823K, committed 61248K, reserved 1114112K
  class space    used 7646K, committed 7872K, reserved 1048576K
}
Event: 16.723 GC heap after
{Heap after GC invocations=12 (full 0):
 garbage-first heap   total 99328K, used 40440K [0x00000000c0000000, 0x0000000100000000)
  region size 1024K, 1 young (1024K), 1 survivors (1024K)
 Metaspace       used 60823K, committed 61248K, reserved 1114112K
  class space    used 7646K, committed 7872K, reserved 1048576K
}
Event: 20.595 GC heap before
{Heap before GC invocations=13 (full 0):
 garbage-first heap   total 99328K, used 86520K [0x00000000c0000000, 0x0000000100000000)
  region size 1024K, 46 young (47104K), 1 survivors (1024K)
 Metaspace       used 73994K, committed 74432K, reserved 1179648K
  class space    used 9346K, committed 9536K, reserved 1048576K
}
Event: 20.602 GC heap after
{Heap after GC invocations=14 (full 0):
 garbage-first heap   total 99328K, used 43936K [0x00000000c0000000, 0x0000000100000000)
  region size 1024K, 5 young (5120K), 5 survivors (5120K)
 Metaspace       used 73994K, committed 74432K, reserved 1179648K
  class space    used 9346K, committed 9536K, reserved 1048576K
}
Event: 24.384 GC heap before
{Heap before GC invocations=14 (full 0):
 garbage-first heap   total 99328K, used 84896K [0x00000000c0000000, 0x0000000100000000)
  region size 1024K, 46 young (47104K), 5 survivors (5120K)
 Metaspace       used 83749K, committed 84224K, reserved 1179648K
  class space    used 10596K, committed 10816K, reserved 1048576K
}
Event: 24.396 GC heap after
{Heap after GC invocations=15 (full 0):
 garbage-first heap   total 99328K, used 46082K [0x00000000c0000000, 0x0000000100000000)
  region size 1024K, 3 young (3072K), 3 survivors (3072K)
 Metaspace       used 83749K, committed 84224K, reserved 1179648K
  class space    used 10596K, committed 10816K, reserved 1048576K
}

